Classic Timing Analyzer report for exp74194
Thu Mar 17 21:37:39 2022
Quartus II Version 9.0 Build 184 04/29/2009 Service Pack 1 SJ Web Edition


---------------------
; Table of Contents ;
---------------------
  1. Legal Notice
  2. Timing Analyzer Summary
  3. Timing Analyzer Settings
  4. Clock Settings Summary
  5. Parallel Compilation
  6. Clock Setup: 'clk'
  7. tsu
  8. tco
  9. th
 10. Timing Analyzer Messages



----------------
; Legal Notice ;
----------------
Copyright (C) 1991-2009 Altera Corporation
Your use of Altera Corporation's design tools, logic functions 
and other software and tools, and its AMPP partner logic 
functions, and any output files from any of the foregoing 
(including device programming or simulation files), and any 
associated documentation or information are expressly subject 
to the terms and conditions of the Altera Program License 
Subscription Agreement, Altera MegaCore Function License 
Agreement, or other applicable license agreement, including, 
without limitation, that your use is for the sole purpose of 
programming logic devices manufactured by Altera and sold by 
Altera or its authorized distributors.  Please refer to the 
applicable agreement for further details.



+----------------------------------------------------------------------------------------------------------------------------------------------------------------+
; Timing Analyzer Summary                                                                                                                                        ;
+------------------------------+-------+---------------+----------------------------------+---------------+---------------+------------+----------+--------------+
; Type                         ; Slack ; Required Time ; Actual Time                      ; From          ; To            ; From Clock ; To Clock ; Failed Paths ;
+------------------------------+-------+---------------+----------------------------------+---------------+---------------+------------+----------+--------------+
; Worst-case tsu               ; N/A   ; None          ; 10.100 ns                        ; d             ; 74194:inst|38 ; --         ; clk      ; 0            ;
; Worst-case tco               ; N/A   ; None          ; 16.600 ns                        ; 74194:inst|39 ; qc            ; clk        ; --       ; 0            ;
; Worst-case th                ; N/A   ; None          ; -1.200 ns                        ; sr            ; 74194:inst|41 ; --         ; clk      ; 0            ;
; Clock Setup: 'clk'           ; N/A   ; None          ; 86.96 MHz ( period = 11.500 ns ) ; 74194:inst|38 ; 74194:inst|38 ; clk        ; clk      ; 0            ;
; Total number of failed paths ;       ;               ;                                  ;               ;               ;            ;          ; 0            ;
+------------------------------+-------+---------------+----------------------------------+---------------+---------------+------------+----------+--------------+


+--------------------------------------------------------------------------------------------------------------------+
; Timing Analyzer Settings                                                                                           ;
+---------------------------------------------------------------------+--------------------+------+----+-------------+
; Option                                                              ; Setting            ; From ; To ; Entity Name ;
+---------------------------------------------------------------------+--------------------+------+----+-------------+
; Device Name                                                         ; EPF10K10TI144-4    ;      ;    ;             ;
; Timing Models                                                       ; Final              ;      ;    ;             ;
; Default hold multicycle                                             ; Same as Multicycle ;      ;    ;             ;
; Cut paths between unrelated clock domains                           ; On                 ;      ;    ;             ;
; Cut off read during write signal paths                              ; On                 ;      ;    ;             ;
; Cut off feedback from I/O pins                                      ; On                 ;      ;    ;             ;
; Report Combined Fast/Slow Timing                                    ; Off                ;      ;    ;             ;
; Ignore Clock Settings                                               ; Off                ;      ;    ;             ;
; Analyze latches as synchronous elements                             ; On                 ;      ;    ;             ;
; Enable Recovery/Removal analysis                                    ; Off                ;      ;    ;             ;
; Enable Clock Latency                                                ; Off                ;      ;    ;             ;
; Use TimeQuest Timing Analyzer                                       ; Off                ;      ;    ;             ;
; Minimum Core Junction Temperature                                   ; 0                  ;      ;    ;             ;
; Maximum Core Junction Temperature                                   ; 85                 ;      ;    ;             ;
; Number of source nodes to report per destination node               ; 10                 ;      ;    ;             ;
; Number of destination nodes to report                               ; 10                 ;      ;    ;             ;
; Number of paths to report                                           ; 200                ;      ;    ;             ;
; Report Minimum Timing Checks                                        ; Off                ;      ;    ;             ;
; Use Fast Timing Models                                              ; Off                ;      ;    ;             ;
; Report IO Paths Separately                                          ; Off                ;      ;    ;             ;
; Perform Multicorner Analysis                                        ; Off                ;      ;    ;             ;
; Reports the worst-case path for each clock domain and analysis      ; Off                ;      ;    ;             ;
; Removes common clock path pessimism (CCPP) during slack computation ; Off                ;      ;    ;             ;
; Output I/O Timing Endpoint                                          ; Near End           ;      ;    ;             ;
+---------------------------------------------------------------------+--------------------+------+----+-------------+


+------------------------------------------------------------------------------------------------------------------------------------------------------------------------------------+
; Clock Settings Summary                                                                                                                                                             ;
+-----------------+--------------------+----------+------------------+---------------+--------------+----------+-----------------------+---------------------+--------+--------------+
; Clock Node Name ; Clock Setting Name ; Type     ; Fmax Requirement ; Early Latency ; Late Latency ; Based on ; Multiply Base Fmax by ; Divide Base Fmax by ; Offset ; Phase offset ;
+-----------------+--------------------+----------+------------------+---------------+--------------+----------+-----------------------+---------------------+--------+--------------+
; clk             ;                    ; User Pin ; None             ; 0.000 ns      ; 0.000 ns     ; --       ; N/A                   ; N/A                 ; N/A    ;              ;
+-----------------+--------------------+----------+------------------+---------------+--------------+----------+-----------------------+---------------------+--------+--------------+


Parallel compilation was disabled, but you have multiple processors available. Enable parallel compilation to reduce compilation time.
+-------------------------------------+
; Parallel Compilation                ;
+----------------------------+--------+
; Processors                 ; Number ;
+----------------------------+--------+
; Number detected on machine ; 12     ;
; Maximum allowed            ; 1      ;
+----------------------------+--------+


+----------------------------------------------------------------------------------------------------------------------------------------------------------------------------------------------------+
; Clock Setup: 'clk'                                                                                                                                                                                 ;
+-------+------------------------------------------------+---------------+---------------+------------+----------+-----------------------------+---------------------------+-------------------------+
; Slack ; Actual fmax (period)                           ; From          ; To            ; From Clock ; To Clock ; Required Setup Relationship ; Required Longest P2P Time ; Actual Longest P2P Time ;
+-------+------------------------------------------------+---------------+---------------+------------+----------+-----------------------------+---------------------------+-------------------------+
; N/A   ; 86.96 MHz ( period = 11.500 ns )               ; 74194:inst|38 ; 74194:inst|38 ; clk        ; clk      ; None                        ; None                      ; 7.900 ns                ;
; N/A   ; 90.91 MHz ( period = 11.000 ns )               ; 74194:inst|39 ; 74194:inst|38 ; clk        ; clk      ; None                        ; None                      ; 7.400 ns                ;
; N/A   ; 92.59 MHz ( period = 10.800 ns )               ; 74194:inst|39 ; 74194:inst|40 ; clk        ; clk      ; None                        ; None                      ; 7.200 ns                ;
; N/A   ; 106.38 MHz ( period = 9.400 ns )               ; 74194:inst|40 ; 74194:inst|39 ; clk        ; clk      ; None                        ; None                      ; 5.800 ns                ;
; N/A   ; 108.70 MHz ( period = 9.200 ns )               ; 74194:inst|40 ; 74194:inst|41 ; clk        ; clk      ; None                        ; None                      ; 5.600 ns                ;
; N/A   ; 108.70 MHz ( period = 9.200 ns )               ; 74194:inst|38 ; 74194:inst|39 ; clk        ; clk      ; None                        ; None                      ; 5.600 ns                ;
; N/A   ; 120.48 MHz ( period = 8.300 ns )               ; 74194:inst|41 ; 74194:inst|41 ; clk        ; clk      ; None                        ; None                      ; 4.700 ns                ;
; N/A   ; 120.48 MHz ( period = 8.300 ns )               ; 74194:inst|40 ; 74194:inst|40 ; clk        ; clk      ; None                        ; None                      ; 4.700 ns                ;
; N/A   ; 120.48 MHz ( period = 8.300 ns )               ; 74194:inst|39 ; 74194:inst|39 ; clk        ; clk      ; None                        ; None                      ; 4.700 ns                ;
; N/A   ; Restricted to 125.00 MHz ( period = 8.000 ns ) ; 74194:inst|41 ; 74194:inst|40 ; clk        ; clk      ; None                        ; None                      ; 4.200 ns                ;
+-------+------------------------------------------------+---------------+---------------+------------+----------+-----------------------------+---------------------------+-------------------------+


+---------------------------------------------------------------------+
; tsu                                                                 ;
+-------+--------------+------------+------+---------------+----------+
; Slack ; Required tsu ; Actual tsu ; From ; To            ; To Clock ;
+-------+--------------+------------+------+---------------+----------+
; N/A   ; None         ; 10.100 ns  ; d    ; 74194:inst|38 ; clk      ;
; N/A   ; None         ; 10.000 ns  ; sl   ; 74194:inst|38 ; clk      ;
; N/A   ; None         ; 8.500 ns   ; c    ; 74194:inst|39 ; clk      ;
; N/A   ; None         ; 8.500 ns   ; s0   ; 74194:inst|38 ; clk      ;
; N/A   ; None         ; 8.400 ns   ; b    ; 74194:inst|40 ; clk      ;
; N/A   ; None         ; 8.000 ns   ; s1   ; 74194:inst|38 ; clk      ;
; N/A   ; None         ; 6.900 ns   ; s0   ; 74194:inst|41 ; clk      ;
; N/A   ; None         ; 6.900 ns   ; s0   ; 74194:inst|40 ; clk      ;
; N/A   ; None         ; 6.900 ns   ; s0   ; 74194:inst|39 ; clk      ;
; N/A   ; None         ; 6.700 ns   ; a    ; 74194:inst|41 ; clk      ;
; N/A   ; None         ; 6.400 ns   ; s1   ; 74194:inst|41 ; clk      ;
; N/A   ; None         ; 6.400 ns   ; s1   ; 74194:inst|40 ; clk      ;
; N/A   ; None         ; 6.400 ns   ; s1   ; 74194:inst|39 ; clk      ;
; N/A   ; None         ; 5.300 ns   ; sr   ; 74194:inst|41 ; clk      ;
+-------+--------------+------------+------+---------------+----------+


+---------------------------------------------------------------------+
; tco                                                                 ;
+-------+--------------+------------+---------------+----+------------+
; Slack ; Required tco ; Actual tco ; From          ; To ; From Clock ;
+-------+--------------+------------+---------------+----+------------+
; N/A   ; None         ; 16.600 ns  ; 74194:inst|39 ; qc ; clk        ;
; N/A   ; None         ; 13.200 ns  ; 74194:inst|38 ; qd ; clk        ;
; N/A   ; None         ; 13.200 ns  ; 74194:inst|40 ; qb ; clk        ;
; N/A   ; None         ; 13.200 ns  ; 74194:inst|41 ; qa ; clk        ;
+-------+--------------+------------+---------------+----+------------+


+---------------------------------------------------------------------------+
; th                                                                        ;
+---------------+-------------+-----------+------+---------------+----------+
; Minimum Slack ; Required th ; Actual th ; From ; To            ; To Clock ;
+---------------+-------------+-----------+------+---------------+----------+
; N/A           ; None        ; -1.200 ns ; sr   ; 74194:inst|41 ; clk      ;
; N/A           ; None        ; -1.900 ns ; s1   ; 74194:inst|41 ; clk      ;
; N/A           ; None        ; -1.900 ns ; s1   ; 74194:inst|40 ; clk      ;
; N/A           ; None        ; -1.900 ns ; s1   ; 74194:inst|39 ; clk      ;
; N/A           ; None        ; -1.900 ns ; s0   ; 74194:inst|41 ; clk      ;
; N/A           ; None        ; -1.900 ns ; s0   ; 74194:inst|40 ; clk      ;
; N/A           ; None        ; -1.900 ns ; s0   ; 74194:inst|39 ; clk      ;
; N/A           ; None        ; -2.600 ns ; a    ; 74194:inst|41 ; clk      ;
; N/A           ; None        ; -3.500 ns ; s1   ; 74194:inst|38 ; clk      ;
; N/A           ; None        ; -3.500 ns ; s0   ; 74194:inst|38 ; clk      ;
; N/A           ; None        ; -4.300 ns ; b    ; 74194:inst|40 ; clk      ;
; N/A           ; None        ; -4.400 ns ; c    ; 74194:inst|39 ; clk      ;
; N/A           ; None        ; -5.900 ns ; sl   ; 74194:inst|38 ; clk      ;
; N/A           ; None        ; -6.000 ns ; d    ; 74194:inst|38 ; clk      ;
+---------------+-------------+-----------+------+---------------+----------+


+--------------------------+
; Timing Analyzer Messages ;
+--------------------------+
Info: *******************************************************************
Info: Running Quartus II Classic Timing Analyzer
    Info: Version 9.0 Build 184 04/29/2009 Service Pack 1 SJ Web Edition
    Info: Processing started: Thu Mar 17 21:37:39 2022
Info: Command: quartus_tan --read_settings_files=off --write_settings_files=off exp74194 -c exp74194
Info: Started post-fitting delay annotation
Info: Delay annotation completed successfully
Warning: Found pins functioning as undefined clocks and/or memory enables
    Info: Assuming node "clk" is an undefined clock
Info: Clock "clk" has Internal fmax of 86.96 MHz between source register "74194:inst|38" and destination register "74194:inst|38" (period= 11.5 ns)
    Info: + Longest register to register delay is 7.900 ns
        Info: 1: + IC(0.000 ns) + CELL(0.000 ns) = 0.000 ns; Loc. = LC1_A14; Fanout = 3; REG Node = '74194:inst|38'
        Info: 2: + IC(2.200 ns) + CELL(2.300 ns) = 4.500 ns; Loc. = LC6_A13; Fanout = 1; COMB Node = '74194:inst|34~6'
        Info: 3: + IC(2.200 ns) + CELL(1.200 ns) = 7.900 ns; Loc. = LC1_A14; Fanout = 3; REG Node = '74194:inst|38'
        Info: Total cell delay = 3.500 ns ( 44.30 % )
        Info: Total interconnect delay = 4.400 ns ( 55.70 % )
    Info: - Smallest clock skew is 0.000 ns
        Info: + Shortest clock path from clock "clk" to destination register is 5.300 ns
            Info: 1: + IC(0.000 ns) + CELL(2.800 ns) = 2.800 ns; Loc. = PIN_55; Fanout = 4; CLK Node = 'clk'
            Info: 2: + IC(2.500 ns) + CELL(0.000 ns) = 5.300 ns; Loc. = LC1_A14; Fanout = 3; REG Node = '74194:inst|38'
            Info: Total cell delay = 2.800 ns ( 52.83 % )
            Info: Total interconnect delay = 2.500 ns ( 47.17 % )
        Info: - Longest clock path from clock "clk" to source register is 5.300 ns
            Info: 1: + IC(0.000 ns) + CELL(2.800 ns) = 2.800 ns; Loc. = PIN_55; Fanout = 4; CLK Node = 'clk'
            Info: 2: + IC(2.500 ns) + CELL(0.000 ns) = 5.300 ns; Loc. = LC1_A14; Fanout = 3; REG Node = '74194:inst|38'
            Info: Total cell delay = 2.800 ns ( 52.83 % )
            Info: Total interconnect delay = 2.500 ns ( 47.17 % )
    Info: + Micro clock to output delay of source is 1.100 ns
    Info: + Micro setup delay of destination is 2.500 ns
Info: tsu for register "74194:inst|38" (data pin = "d", clock pin = "clk") is 10.100 ns
    Info: + Longest pin to register delay is 12.900 ns
        Info: 1: + IC(0.000 ns) + CELL(3.500 ns) = 3.500 ns; Loc. = PIN_101; Fanout = 1; PIN Node = 'd'
        Info: 2: + IC(2.800 ns) + CELL(1.700 ns) = 8.000 ns; Loc. = LC5_A13; Fanout = 1; COMB Node = '74194:inst|34~9'
        Info: 3: + IC(0.000 ns) + CELL(1.500 ns) = 9.500 ns; Loc. = LC6_A13; Fanout = 1; COMB Node = '74194:inst|34~6'
        Info: 4: + IC(2.200 ns) + CELL(1.200 ns) = 12.900 ns; Loc. = LC1_A14; Fanout = 3; REG Node = '74194:inst|38'
        Info: Total cell delay = 7.900 ns ( 61.24 % )
        Info: Total interconnect delay = 5.000 ns ( 38.76 % )
    Info: + Micro setup delay of destination is 2.500 ns
    Info: - Shortest clock path from clock "clk" to destination register is 5.300 ns
        Info: 1: + IC(0.000 ns) + CELL(2.800 ns) = 2.800 ns; Loc. = PIN_55; Fanout = 4; CLK Node = 'clk'
        Info: 2: + IC(2.500 ns) + CELL(0.000 ns) = 5.300 ns; Loc. = LC1_A14; Fanout = 3; REG Node = '74194:inst|38'
        Info: Total cell delay = 2.800 ns ( 52.83 % )
        Info: Total interconnect delay = 2.500 ns ( 47.17 % )
Info: tco from clock "clk" to destination pin "qc" through register "74194:inst|39" is 16.600 ns
    Info: + Longest clock path from clock "clk" to source register is 5.300 ns
        Info: 1: + IC(0.000 ns) + CELL(2.800 ns) = 2.800 ns; Loc. = PIN_55; Fanout = 4; CLK Node = 'clk'
        Info: 2: + IC(2.500 ns) + CELL(0.000 ns) = 5.300 ns; Loc. = LC7_A14; Fanout = 4; REG Node = '74194:inst|39'
        Info: Total cell delay = 2.800 ns ( 52.83 % )
        Info: Total interconnect delay = 2.500 ns ( 47.17 % )
    Info: + Micro clock to output delay of source is 1.100 ns
    Info: + Longest register to pin delay is 10.200 ns
        Info: 1: + IC(0.000 ns) + CELL(0.000 ns) = 0.000 ns; Loc. = LC7_A14; Fanout = 4; REG Node = '74194:inst|39'
        Info: 2: + IC(5.100 ns) + CELL(5.100 ns) = 10.200 ns; Loc. = PIN_12; Fanout = 0; PIN Node = 'qc'
        Info: Total cell delay = 5.100 ns ( 50.00 % )
        Info: Total interconnect delay = 5.100 ns ( 50.00 % )
Info: th for register "74194:inst|41" (data pin = "sr", clock pin = "clk") is -1.200 ns
    Info: + Longest clock path from clock "clk" to destination register is 5.300 ns
        Info: 1: + IC(0.000 ns) + CELL(2.800 ns) = 2.800 ns; Loc. = PIN_55; Fanout = 4; CLK Node = 'clk'
        Info: 2: + IC(2.500 ns) + CELL(0.000 ns) = 5.300 ns; Loc. = LC7_A13; Fanout = 3; REG Node = '74194:inst|41'
        Info: Total cell delay = 2.800 ns ( 52.83 % )
        Info: Total interconnect delay = 2.500 ns ( 47.17 % )
    Info: + Micro hold delay of destination is 1.600 ns
    Info: - Shortest pin to register delay is 8.100 ns
        Info: 1: + IC(0.000 ns) + CELL(2.800 ns) = 2.800 ns; Loc. = PIN_125; Fanout = 1; PIN Node = 'sr'
        Info: 2: + IC(1.700 ns) + CELL(1.800 ns) = 6.300 ns; Loc. = LC2_A13; Fanout = 1; COMB Node = '74194:inst|37~6'
        Info: 3: + IC(0.600 ns) + CELL(1.200 ns) = 8.100 ns; Loc. = LC7_A13; Fanout = 3; REG Node = '74194:inst|41'
        Info: Total cell delay = 5.800 ns ( 71.60 % )
        Info: Total interconnect delay = 2.300 ns ( 28.40 % )
Info: Quartus II Classic Timing Analyzer was successful. 0 errors, 1 warning
    Info: Peak virtual memory: 174 megabytes
    Info: Processing ended: Thu Mar 17 21:37:39 2022
    Info: Elapsed time: 00:00:00
    Info: Total CPU time (on all processors): 00:00:00


