Analysis & Synthesis report for DDS
Wed Apr 08 17:30:21 2020
Quartus II Version 9.0 Build 184 04/29/2009 Service Pack 1 SJ Web Edition


---------------------
; Table of Contents ;
---------------------
  1. Legal Notice
  2. Analysis & Synthesis Summary
  3. Analysis & Synthesis Settings
  4. Analysis & Synthesis Source Files Read
  5. Analysis & Synthesis Resource Usage Summary
  6. Analysis & Synthesis Resource Utilization by Entity
  7. Analysis & Synthesis RAM Summary
  8. General Register Statistics
  9. Source assignments for addrreg:inst|lpm_add_sub:Add1|addcore:adder
 10. Source assignments for addrreg:inst|lpm_add_sub:Add0|addcore:adder
 11. Parameter Settings for User Entity Instance: Top-level Entity: |DDS
 12. Parameter Settings for User Entity Instance: addrreg:inst
 13. Parameter Settings for User Entity Instance: wave_rom:inst1|lpm_rom:lpm_rom_component
 14. Parameter Settings for Inferred Entity Instance: addrreg:inst|lpm_add_sub:Add1
 15. Parameter Settings for Inferred Entity Instance: addrreg:inst|lpm_add_sub:Add0
 16. Analysis & Synthesis Messages



----------------
; Legal Notice ;
----------------
Copyright (C) 1991-2009 Altera Corporation
Your use of Altera Corporation's design tools, logic functions 
and other software and tools, and its AMPP partner logic 
functions, and any output files from any of the foregoing 
(including device programming or simulation files), and any 
associated documentation or information are expressly subject 
to the terms and conditions of the Altera Program License 
Subscription Agreement, Altera MegaCore Function License 
Agreement, or other applicable license agreement, including, 
without limitation, that your use is for the sole purpose of 
programming logic devices manufactured by Altera and sold by 
Altera or its authorized distributors.  Please refer to the 
applicable agreement for further details.



+----------------------------------------------------------------------------+
; Analysis & Synthesis Summary                                               ;
+-----------------------------+----------------------------------------------+
; Analysis & Synthesis Status ; Successful - Wed Apr 08 17:30:21 2020        ;
; Quartus II Version          ; 9.0 Build 184 04/29/2009 SP 1 SJ Web Edition ;
; Revision Name               ; DDS                                          ;
; Top-level Entity Name       ; DDS                                          ;
; Family                      ; FLEX10K                                      ;
; Total logic elements        ; 88                                           ;
; Total pins                  ; 39                                           ;
; Total memory bits           ; 8,192                                        ;
+-----------------------------+----------------------------------------------+


+---------------------------------------------------------------------------------------------+
; Analysis & Synthesis Settings                                                               ;
+--------------------------------------------------------------+--------------+---------------+
; Option                                                       ; Setting      ; Default Value ;
+--------------------------------------------------------------+--------------+---------------+
; Top-level entity name                                        ; DDS          ; DDS           ;
; Family name                                                  ; FLEX10K      ; Stratix II    ;
; Use Generated Physical Constraints File                      ; Off          ;               ;
; Use smart compilation                                        ; Off          ; Off           ;
; Create Debugging Nodes for IP Cores                          ; Off          ; Off           ;
; Preserve fewer node names                                    ; On           ; On            ;
; Disable OpenCore Plus hardware evaluation                    ; Off          ; Off           ;
; Verilog Version                                              ; Verilog_2001 ; Verilog_2001  ;
; VHDL Version                                                 ; VHDL93       ; VHDL93        ;
; State Machine Processing                                     ; Auto         ; Auto          ;
; Safe State Machine                                           ; Off          ; Off           ;
; Extract Verilog State Machines                               ; On           ; On            ;
; Extract VHDL State Machines                                  ; On           ; On            ;
; Ignore Verilog initial constructs                            ; Off          ; Off           ;
; Iteration limit for constant Verilog loops                   ; 5000         ; 5000          ;
; Iteration limit for non-constant Verilog loops               ; 250          ; 250           ;
; Add Pass-Through Logic to Inferred RAMs                      ; On           ; On            ;
; Parallel Synthesis                                           ; Off          ; Off           ;
; NOT Gate Push-Back                                           ; On           ; On            ;
; Power-Up Don't Care                                          ; On           ; On            ;
; Remove Redundant Logic Cells                                 ; Off          ; Off           ;
; Remove Duplicate Registers                                   ; On           ; On            ;
; Ignore CARRY Buffers                                         ; Off          ; Off           ;
; Ignore CASCADE Buffers                                       ; Off          ; Off           ;
; Ignore GLOBAL Buffers                                        ; Off          ; Off           ;
; Ignore ROW GLOBAL Buffers                                    ; Off          ; Off           ;
; Ignore LCELL Buffers                                         ; Off          ; Off           ;
; Ignore SOFT Buffers                                          ; On           ; On            ;
; Limit AHDL Integers to 32 Bits                               ; Off          ; Off           ;
; Auto Implement in ROM                                        ; Off          ; Off           ;
; Optimization Technique                                       ; Area         ; Area          ;
; Carry Chain Length                                           ; 32           ; 32            ;
; Cascade Chain Length                                         ; 2            ; 2             ;
; Auto Carry Chains                                            ; On           ; On            ;
; Auto Open-Drain Pins                                         ; On           ; On            ;
; Auto ROM Replacement                                         ; On           ; On            ;
; Auto RAM Replacement                                         ; On           ; On            ;
; Auto Clock Enable Replacement                                ; On           ; On            ;
; Strict RAM Replacement                                       ; Off          ; Off           ;
; Auto Resource Sharing                                        ; Off          ; Off           ;
; Allow Any RAM Size For Recognition                           ; Off          ; Off           ;
; Allow Any ROM Size For Recognition                           ; Off          ; Off           ;
; Use LogicLock Constraints during Resource Balancing          ; On           ; On            ;
; Ignore translate_off and synthesis_off directives            ; Off          ; Off           ;
; Show Parameter Settings Tables in Synthesis Report           ; On           ; On            ;
; HDL message level                                            ; Level2       ; Level2        ;
; Suppress Register Optimization Related Messages              ; Off          ; Off           ;
; Number of Removed Registers Reported in Synthesis Report     ; 100          ; 100           ;
; Number of Inverted Registers Reported in Synthesis Report    ; 100          ; 100           ;
; Block Design Naming                                          ; Auto         ; Auto          ;
; Synthesis Effort                                             ; Auto         ; Auto          ;
; Shift Register Replacement - Allow Asynchronous Clear Signal ; On           ; On            ;
; Analysis & Synthesis Message Level                           ; Medium       ; Medium        ;
+--------------------------------------------------------------+--------------+---------------+


+------------------------------------------------------------------------------------------------------------------------------------------------+
; Analysis & Synthesis Source Files Read                                                                                                         ;
+----------------------------------+-----------------+-----------------+-------------------------------------------------------------------------+
; File Name with User-Entered Path ; Used in Netlist ; File Type       ; File Name with Absolute Path                                            ;
+----------------------------------+-----------------+-----------------+-------------------------------------------------------------------------+
; DDS.vhd                          ; yes             ; User VHDL File  ; C:/Users/zhans/Desktop/progr/DDS/DDS.vhd                                ;
; addrreg.vhd                      ; yes             ; User VHDL File  ; C:/Users/zhans/Desktop/progr/DDS/addrreg.vhd                            ;
; wave_rom.vhd                     ; yes             ; User VHDL File  ; C:/Users/zhans/Desktop/progr/DDS/wave_rom.vhd                           ;
; lpm_rom.tdf                      ; yes             ; Megafunction    ; c:/altera/90sp1/quartus/libraries/megafunctions/lpm_rom.tdf             ;
; altrom.inc                       ; yes             ; Megafunction    ; c:/altera/90sp1/quartus/libraries/megafunctions/altrom.inc              ;
; aglobal90.inc                    ; yes             ; Megafunction    ; c:/altera/90sp1/quartus/libraries/megafunctions/aglobal90.inc           ;
; altrom.tdf                       ; yes             ; Megafunction    ; c:/altera/90sp1/quartus/libraries/megafunctions/altrom.tdf              ;
; memmodes.inc                     ; yes             ; Megafunction    ; c:/altera/90sp1/quartus/libraries/others/maxplus2/memmodes.inc          ;
; lpm_decode.inc                   ; yes             ; Megafunction    ; c:/altera/90sp1/quartus/libraries/megafunctions/lpm_decode.inc          ;
; lpm_mux.inc                      ; yes             ; Megafunction    ; c:/altera/90sp1/quartus/libraries/megafunctions/lpm_mux.inc             ;
; altqpram.inc                     ; yes             ; Megafunction    ; c:/altera/90sp1/quartus/libraries/megafunctions/altqpram.inc            ;
; altsyncram.inc                   ; yes             ; Megafunction    ; c:/altera/90sp1/quartus/libraries/megafunctions/altsyncram.inc          ;
; lpm_add_sub.tdf                  ; yes             ; Megafunction    ; c:/altera/90sp1/quartus/libraries/megafunctions/lpm_add_sub.tdf         ;
; addcore.inc                      ; yes             ; Megafunction    ; c:/altera/90sp1/quartus/libraries/megafunctions/addcore.inc             ;
; look_add.inc                     ; yes             ; Megafunction    ; c:/altera/90sp1/quartus/libraries/megafunctions/look_add.inc            ;
; bypassff.inc                     ; yes             ; Megafunction    ; c:/altera/90sp1/quartus/libraries/megafunctions/bypassff.inc            ;
; altshift.inc                     ; yes             ; Megafunction    ; c:/altera/90sp1/quartus/libraries/megafunctions/altshift.inc            ;
; alt_stratix_add_sub.inc          ; yes             ; Megafunction    ; c:/altera/90sp1/quartus/libraries/megafunctions/alt_stratix_add_sub.inc ;
; alt_mercury_add_sub.inc          ; yes             ; Megafunction    ; c:/altera/90sp1/quartus/libraries/megafunctions/alt_mercury_add_sub.inc ;
; addcore.tdf                      ; yes             ; Megafunction    ; c:/altera/90sp1/quartus/libraries/megafunctions/addcore.tdf             ;
; a_csnbuffer.inc                  ; yes             ; Megafunction    ; c:/altera/90sp1/quartus/libraries/megafunctions/a_csnbuffer.inc         ;
; a_csnbuffer.tdf                  ; yes             ; Megafunction    ; c:/altera/90sp1/quartus/libraries/megafunctions/a_csnbuffer.tdf         ;
; altshift.tdf                     ; yes             ; Megafunction    ; c:/altera/90sp1/quartus/libraries/megafunctions/altshift.tdf            ;
+----------------------------------+-----------------+-----------------+-------------------------------------------------------------------------+


+---------------------------------------------+
; Analysis & Synthesis Resource Usage Summary ;
+-----------------------------------+---------+
; Resource                          ; Usage   ;
+-----------------------------------+---------+
; Total logic elements              ; 88      ;
; Total combinational functions     ; 34      ;
;     -- Total 4-input functions    ; 0       ;
;     -- Total 3-input functions    ; 0       ;
;     -- Total 2-input functions    ; 30      ;
;     -- Total 1-input functions    ; 4       ;
;     -- Total 0-input functions    ; 0       ;
; Total registers                   ; 54      ;
; Total logic cells in carry chains ; 34      ;
; I/O pins                          ; 39      ;
; Total memory bits                 ; 8192    ;
; Maximum fan-out node              ; fclk    ;
; Maximum fan-out                   ; 54      ;
; Total fan-out                     ; 292     ;
; Average fan-out                   ; 2.16    ;
+-----------------------------------+---------+


+------------------------------------------------------------------------------------------------------------------------------------------------------------------------------------------------------------------------------------------------------------------------+
; Analysis & Synthesis Resource Utilization by Entity                                                                                                                                                                                                                    ;
+---------------------------------------+-------------+--------------+-------------+------+--------------+-------------------+------------------+-----------------+------------+--------------------------------------------------------------------------+--------------+
; Compilation Hierarchy Node            ; Logic Cells ; LC Registers ; Memory Bits ; Pins ; LUT-Only LCs ; Register-Only LCs ; LUT/Register LCs ; Carry Chain LCs ; Packed LCs ; Full Hierarchy Name                                                      ; Library Name ;
+---------------------------------------+-------------+--------------+-------------+------+--------------+-------------------+------------------+-----------------+------------+--------------------------------------------------------------------------+--------------+
; |DDS                                  ; 88 (0)      ; 54           ; 8192        ; 39   ; 34 (0)       ; 54 (0)            ; 0 (0)            ; 34 (0)          ; 0 (0)      ; |DDS                                                                     ; work         ;
;    |addrreg:inst|                     ; 88 (54)     ; 54           ; 0           ; 0    ; 34 (0)       ; 54 (54)           ; 0 (0)            ; 34 (0)          ; 0 (0)      ; |DDS|addrreg:inst                                                        ; work         ;
;       |lpm_add_sub:Add0|              ; 24 (0)      ; 0            ; 0           ; 0    ; 24 (0)       ; 0 (0)             ; 0 (0)            ; 24 (0)          ; 0 (0)      ; |DDS|addrreg:inst|lpm_add_sub:Add0                                       ; work         ;
;          |addcore:adder|              ; 24 (1)      ; 0            ; 0           ; 0    ; 24 (1)       ; 0 (0)             ; 0 (0)            ; 24 (1)          ; 0 (0)      ; |DDS|addrreg:inst|lpm_add_sub:Add0|addcore:adder                         ; work         ;
;             |a_csnbuffer:result_node| ; 23 (23)     ; 0            ; 0           ; 0    ; 23 (23)      ; 0 (0)             ; 0 (0)            ; 23 (23)         ; 0 (0)      ; |DDS|addrreg:inst|lpm_add_sub:Add0|addcore:adder|a_csnbuffer:result_node ; work         ;
;       |lpm_add_sub:Add1|              ; 10 (0)      ; 0            ; 0           ; 0    ; 10 (0)       ; 0 (0)             ; 0 (0)            ; 10 (0)          ; 0 (0)      ; |DDS|addrreg:inst|lpm_add_sub:Add1                                       ; work         ;
;          |addcore:adder|              ; 10 (1)      ; 0            ; 0           ; 0    ; 10 (1)       ; 0 (0)             ; 0 (0)            ; 10 (1)          ; 0 (0)      ; |DDS|addrreg:inst|lpm_add_sub:Add1|addcore:adder                         ; work         ;
;             |a_csnbuffer:result_node| ; 9 (9)       ; 0            ; 0           ; 0    ; 9 (9)        ; 0 (0)             ; 0 (0)            ; 9 (9)           ; 0 (0)      ; |DDS|addrreg:inst|lpm_add_sub:Add1|addcore:adder|a_csnbuffer:result_node ; work         ;
;    |wave_rom:inst1|                   ; 0 (0)       ; 0            ; 8192        ; 0    ; 0 (0)        ; 0 (0)             ; 0 (0)            ; 0 (0)           ; 0 (0)      ; |DDS|wave_rom:inst1                                                      ; work         ;
;       |lpm_rom:lpm_rom_component|     ; 0 (0)       ; 0            ; 8192        ; 0    ; 0 (0)        ; 0 (0)             ; 0 (0)            ; 0 (0)           ; 0 (0)      ; |DDS|wave_rom:inst1|lpm_rom:lpm_rom_component                            ; work         ;
;          |altrom:srom|                ; 0 (0)       ; 0            ; 8192        ; 0    ; 0 (0)        ; 0 (0)             ; 0 (0)            ; 0 (0)           ; 0 (0)      ; |DDS|wave_rom:inst1|lpm_rom:lpm_rom_component|altrom:srom                ; work         ;
+---------------------------------------+-------------+--------------+-------------+------+--------------+-------------------+------------------+-----------------+------------+--------------------------------------------------------------------------+--------------+
Note: For table entries with two numbers listed, the numbers in parentheses indicate the number of resources of the given type used by the specific entity alone. The numbers listed outside of parentheses indicate the total resources of the given type used by the specific entity and all of its sub-entities in the hierarchy.


+-----------------------------------------------------------------------------------------------------------------------------------------------------+
; Analysis & Synthesis RAM Summary                                                                                                                    ;
+--------------------------------------------------------------+------+--------------+--------------+--------------+--------------+------+------------+
; Name                                                         ; Mode ; Port A Depth ; Port A Width ; Port B Depth ; Port B Width ; Size ; MIF        ;
+--------------------------------------------------------------+------+--------------+--------------+--------------+--------------+------+------------+
; wave_rom:inst1|lpm_rom:lpm_rom_component|altrom:srom|content ; ROM  ; 1024         ; 8            ; --           ; --           ; 8192 ; myfile.mif ;
+--------------------------------------------------------------+------+--------------+--------------+--------------+--------------+------+------------+


+------------------------------------------------------+
; General Register Statistics                          ;
+----------------------------------------------+-------+
; Statistic                                    ; Value ;
+----------------------------------------------+-------+
; Total registers                              ; 54    ;
; Number of registers using Synchronous Clear  ; 0     ;
; Number of registers using Synchronous Load   ; 0     ;
; Number of registers using Asynchronous Clear ; 0     ;
; Number of registers using Asynchronous Load  ; 0     ;
; Number of registers using Clock Enable       ; 0     ;
; Number of registers using Preset             ; 0     ;
+----------------------------------------------+-------+


+--------------------------------------------------------------------+
; Source assignments for addrreg:inst|lpm_add_sub:Add1|addcore:adder ;
+---------------------------+-------+------+-------------------------+
; Assignment                ; Value ; From ; To                      ;
+---------------------------+-------+------+-------------------------+
; SUPPRESS_DA_RULE_INTERNAL ; A103  ; -    ; -                       ;
+---------------------------+-------+------+-------------------------+


+--------------------------------------------------------------------+
; Source assignments for addrreg:inst|lpm_add_sub:Add0|addcore:adder ;
+---------------------------+-------+------+-------------------------+
; Assignment                ; Value ; From ; To                      ;
+---------------------------+-------+------+-------------------------+
; SUPPRESS_DA_RULE_INTERNAL ; A103  ; -    ; -                       ;
+---------------------------+-------+------+-------------------------+


+---------------------------------------------------------------------+
; Parameter Settings for User Entity Instance: Top-level Entity: |DDS ;
+----------------+-------+--------------------------------------------+
; Parameter Name ; Value ; Type                                       ;
+----------------+-------+--------------------------------------------+
; fwords_width   ; 20    ; Signed Integer                             ;
; pwords_width   ; 10    ; Signed Integer                             ;
+----------------+-------+--------------------------------------------+
Note: In order to hide this table in the UI and the text report file, please set the "Show Parameter Settings Tables in Synthesis Report" option in "Analysis and Synthesis Settings -> More Settings" to "Off".


+-----------------------------------------------------------+
; Parameter Settings for User Entity Instance: addrreg:inst ;
+----------------+-------+----------------------------------+
; Parameter Name ; Value ; Type                             ;
+----------------+-------+----------------------------------+
; fwords_width   ; 20    ; Signed Integer                   ;
; pwords_width   ; 10    ; Signed Integer                   ;
; fadder_width   ; 24    ; Signed Integer                   ;
; padder_width   ; 10    ; Signed Integer                   ;
; addr_width     ; 10    ; Signed Integer                   ;
+----------------+-------+----------------------------------+
Note: In order to hide this table in the UI and the text report file, please set the "Show Parameter Settings Tables in Synthesis Report" option in "Analysis and Synthesis Settings -> More Settings" to "Off".


+---------------------------------------------------------------------------------------+
; Parameter Settings for User Entity Instance: wave_rom:inst1|lpm_rom:lpm_rom_component ;
+------------------------+--------------+-----------------------------------------------+
; Parameter Name         ; Value        ; Type                                          ;
+------------------------+--------------+-----------------------------------------------+
; LPM_WIDTH              ; 8            ; Signed Integer                                ;
; LPM_WIDTHAD            ; 10           ; Signed Integer                                ;
; LPM_NUMWORDS           ; 1024         ; Untyped                                       ;
; LPM_ADDRESS_CONTROL    ; unregistered ; Untyped                                       ;
; LPM_OUTDATA            ; unregistered ; Untyped                                       ;
; LPM_FILE               ; myfile.mif   ; Untyped                                       ;
; DEVICE_FAMILY          ; FLEX10K      ; Untyped                                       ;
; AUTO_CARRY_CHAINS      ; ON           ; AUTO_CARRY                                    ;
; IGNORE_CARRY_BUFFERS   ; OFF          ; IGNORE_CARRY                                  ;
; AUTO_CASCADE_CHAINS    ; ON           ; AUTO_CASCADE                                  ;
; IGNORE_CASCADE_BUFFERS ; OFF          ; IGNORE_CASCADE                                ;
+------------------------+--------------+-----------------------------------------------+
Note: In order to hide this table in the UI and the text report file, please set the "Show Parameter Settings Tables in Synthesis Report" option in "Analysis and Synthesis Settings -> More Settings" to "Off".


+--------------------------------------------------------------------------------+
; Parameter Settings for Inferred Entity Instance: addrreg:inst|lpm_add_sub:Add1 ;
+------------------------+-------------+-----------------------------------------+
; Parameter Name         ; Value       ; Type                                    ;
+------------------------+-------------+-----------------------------------------+
; LPM_WIDTH              ; 10          ; Untyped                                 ;
; LPM_REPRESENTATION     ; UNSIGNED    ; Untyped                                 ;
; LPM_DIRECTION          ; ADD         ; Untyped                                 ;
; ONE_INPUT_IS_CONSTANT  ; NO          ; Untyped                                 ;
; LPM_PIPELINE           ; 0           ; Untyped                                 ;
; MAXIMIZE_SPEED         ; 5           ; Untyped                                 ;
; REGISTERED_AT_END      ; 0           ; Untyped                                 ;
; OPTIMIZE_FOR_SPEED     ; 1           ; Untyped                                 ;
; USE_CS_BUFFERS         ; 1           ; Untyped                                 ;
; CARRY_CHAIN            ; MANUAL      ; Untyped                                 ;
; CARRY_CHAIN_LENGTH     ; 48          ; CARRY_CHAIN_LENGTH                      ;
; DEVICE_FAMILY          ; FLEX10K     ; Untyped                                 ;
; USE_WYS                ; OFF         ; Untyped                                 ;
; STYLE                  ; FAST        ; Untyped                                 ;
; CBXI_PARAMETER         ; add_sub_4lh ; Untyped                                 ;
; AUTO_CARRY_CHAINS      ; ON          ; AUTO_CARRY                              ;
; IGNORE_CARRY_BUFFERS   ; OFF         ; IGNORE_CARRY                            ;
; AUTO_CASCADE_CHAINS    ; ON          ; AUTO_CASCADE                            ;
; IGNORE_CASCADE_BUFFERS ; OFF         ; IGNORE_CASCADE                          ;
+------------------------+-------------+-----------------------------------------+
Note: In order to hide this table in the UI and the text report file, please set the "Show Parameter Settings Tables in Synthesis Report" option in "Analysis and Synthesis Settings -> More Settings" to "Off".


+--------------------------------------------------------------------------------+
; Parameter Settings for Inferred Entity Instance: addrreg:inst|lpm_add_sub:Add0 ;
+------------------------+-------------+-----------------------------------------+
; Parameter Name         ; Value       ; Type                                    ;
+------------------------+-------------+-----------------------------------------+
; LPM_WIDTH              ; 24          ; Untyped                                 ;
; LPM_REPRESENTATION     ; UNSIGNED    ; Untyped                                 ;
; LPM_DIRECTION          ; ADD         ; Untyped                                 ;
; ONE_INPUT_IS_CONSTANT  ; NO          ; Untyped                                 ;
; LPM_PIPELINE           ; 0           ; Untyped                                 ;
; MAXIMIZE_SPEED         ; 5           ; Untyped                                 ;
; REGISTERED_AT_END      ; 0           ; Untyped                                 ;
; OPTIMIZE_FOR_SPEED     ; 1           ; Untyped                                 ;
; USE_CS_BUFFERS         ; 1           ; Untyped                                 ;
; CARRY_CHAIN            ; MANUAL      ; Untyped                                 ;
; CARRY_CHAIN_LENGTH     ; 48          ; CARRY_CHAIN_LENGTH                      ;
; DEVICE_FAMILY          ; FLEX10K     ; Untyped                                 ;
; USE_WYS                ; OFF         ; Untyped                                 ;
; STYLE                  ; FAST        ; Untyped                                 ;
; CBXI_PARAMETER         ; add_sub_9lh ; Untyped                                 ;
; AUTO_CARRY_CHAINS      ; ON          ; AUTO_CARRY                              ;
; IGNORE_CARRY_BUFFERS   ; OFF         ; IGNORE_CARRY                            ;
; AUTO_CASCADE_CHAINS    ; ON          ; AUTO_CASCADE                            ;
; IGNORE_CASCADE_BUFFERS ; OFF         ; IGNORE_CASCADE                          ;
+------------------------+-------------+-----------------------------------------+
Note: In order to hide this table in the UI and the text report file, please set the "Show Parameter Settings Tables in Synthesis Report" option in "Analysis and Synthesis Settings -> More Settings" to "Off".


+-------------------------------+
; Analysis & Synthesis Messages ;
+-------------------------------+
Info: *******************************************************************
Info: Running Quartus II Analysis & Synthesis
    Info: Version 9.0 Build 184 04/29/2009 Service Pack 1 SJ Web Edition
    Info: Processing started: Wed Apr 08 17:30:19 2020
Info: Command: quartus_map --read_settings_files=on --write_settings_files=off DDS -c DDS
Info: Found 2 design units, including 1 entities, in source file DDS.vhd
    Info: Found design unit 1: DDS-arc
    Info: Found entity 1: DDS
Info: Found 2 design units, including 1 entities, in source file addrreg.vhd
    Info: Found design unit 1: addrreg-rtl
    Info: Found entity 1: addrreg
Info: Found 2 design units, including 1 entities, in source file wave_rom.vhd
    Info: Found design unit 1: wave_rom-syn
    Info: Found entity 1: wave_rom
Info: Elaborating entity "DDS" for the top level hierarchy
Info: Elaborating entity "addrreg" for hierarchy "addrreg:inst"
Info: Elaborating entity "wave_rom" for hierarchy "wave_rom:inst1"
Info: Elaborating entity "lpm_rom" for hierarchy "wave_rom:inst1|lpm_rom:lpm_rom_component"
Info: Elaborated megafunction instantiation "wave_rom:inst1|lpm_rom:lpm_rom_component"
Info: Instantiated megafunction "wave_rom:inst1|lpm_rom:lpm_rom_component" with the following parameter:
    Info: Parameter "intended_device_family" = "flex10k"
    Info: Parameter "lpm_address_control" = "unregistered"
    Info: Parameter "lpm_file" = "myfile.mif"
    Info: Parameter "lpm_outdata" = "unregistered"
    Info: Parameter "lpm_type" = "lpm_rom"
    Info: Parameter "lpm_width" = "8"
    Info: Parameter "lpm_widthad" = "10"
Info: Elaborating entity "altrom" for hierarchy "wave_rom:inst1|lpm_rom:lpm_rom_component|altrom:srom"
Info: Elaborated megafunction instantiation "wave_rom:inst1|lpm_rom:lpm_rom_component|altrom:srom", which is child of megafunction instantiation "wave_rom:inst1|lpm_rom:lpm_rom_component"
Info: Inferred 2 megafunctions from design logic
    Info: Inferred adder/subtractor megafunction ("lpm_add_sub") from the following logic: "addrreg:inst|Add1"
    Info: Inferred adder/subtractor megafunction ("lpm_add_sub") from the following logic: "addrreg:inst|Add0"
Info: Elaborated megafunction instantiation "addrreg:inst|lpm_add_sub:Add1"
Info: Instantiated megafunction "addrreg:inst|lpm_add_sub:Add1" with the following parameter:
    Info: Parameter "LPM_WIDTH" = "10"
    Info: Parameter "LPM_DIRECTION" = "ADD"
    Info: Parameter "LPM_REPRESENTATION" = "UNSIGNED"
    Info: Parameter "ONE_INPUT_IS_CONSTANT" = "NO"
Info: Elaborated megafunction instantiation "addrreg:inst|lpm_add_sub:Add1|addcore:adder", which is child of megafunction instantiation "addrreg:inst|lpm_add_sub:Add1"
Info: Elaborated megafunction instantiation "addrreg:inst|lpm_add_sub:Add1|addcore:adder|a_csnbuffer:oflow_node", which is child of megafunction instantiation "addrreg:inst|lpm_add_sub:Add1"
Info: Elaborated megafunction instantiation "addrreg:inst|lpm_add_sub:Add1|addcore:adder|a_csnbuffer:result_node", which is child of megafunction instantiation "addrreg:inst|lpm_add_sub:Add1"
Info: Elaborated megafunction instantiation "addrreg:inst|lpm_add_sub:Add1|altshift:result_ext_latency_ffs", which is child of megafunction instantiation "addrreg:inst|lpm_add_sub:Add1"
Info: Elaborated megafunction instantiation "addrreg:inst|lpm_add_sub:Add1|altshift:carry_ext_latency_ffs", which is child of megafunction instantiation "addrreg:inst|lpm_add_sub:Add1"
Info: Elaborated megafunction instantiation "addrreg:inst|lpm_add_sub:Add0"
Info: Instantiated megafunction "addrreg:inst|lpm_add_sub:Add0" with the following parameter:
    Info: Parameter "LPM_WIDTH" = "24"
    Info: Parameter "LPM_DIRECTION" = "ADD"
    Info: Parameter "LPM_REPRESENTATION" = "UNSIGNED"
    Info: Parameter "ONE_INPUT_IS_CONSTANT" = "NO"
Info: Elaborated megafunction instantiation "addrreg:inst|lpm_add_sub:Add0|addcore:adder", which is child of megafunction instantiation "addrreg:inst|lpm_add_sub:Add0"
Info: Elaborated megafunction instantiation "addrreg:inst|lpm_add_sub:Add0|addcore:adder|a_csnbuffer:oflow_node", which is child of megafunction instantiation "addrreg:inst|lpm_add_sub:Add0"
Info: Elaborated megafunction instantiation "addrreg:inst|lpm_add_sub:Add0|addcore:adder|a_csnbuffer:result_node", which is child of megafunction instantiation "addrreg:inst|lpm_add_sub:Add0"
Info: Elaborated megafunction instantiation "addrreg:inst|lpm_add_sub:Add0|altshift:result_ext_latency_ffs", which is child of megafunction instantiation "addrreg:inst|lpm_add_sub:Add0"
Warning: Always-enabled tri-state buffer(s) removed
    Warning: Converted the fanout from the always-enabled tri-state buffer "wave_rom:inst1|lpm_rom:lpm_rom_component|otri[0]" to the node "ddsout[0]" into a wire
    Warning: Converted the fanout from the always-enabled tri-state buffer "wave_rom:inst1|lpm_rom:lpm_rom_component|otri[1]" to the node "ddsout[1]" into a wire
    Warning: Converted the fanout from the always-enabled tri-state buffer "wave_rom:inst1|lpm_rom:lpm_rom_component|otri[2]" to the node "ddsout[2]" into a wire
    Warning: Converted the fanout from the always-enabled tri-state buffer "wave_rom:inst1|lpm_rom:lpm_rom_component|otri[3]" to the node "ddsout[3]" into a wire
    Warning: Converted the fanout from the always-enabled tri-state buffer "wave_rom:inst1|lpm_rom:lpm_rom_component|otri[4]" to the node "ddsout[4]" into a wire
    Warning: Converted the fanout from the always-enabled tri-state buffer "wave_rom:inst1|lpm_rom:lpm_rom_component|otri[5]" to the node "ddsout[5]" into a wire
    Warning: Converted the fanout from the always-enabled tri-state buffer "wave_rom:inst1|lpm_rom:lpm_rom_component|otri[6]" to the node "ddsout[6]" into a wire
    Warning: Converted the fanout from the always-enabled tri-state buffer "wave_rom:inst1|lpm_rom:lpm_rom_component|otri[7]" to the node "ddsout[7]" into a wire
Info: Implemented 135 device resources after synthesis - the final resource count might be different
    Info: Implemented 31 input pins
    Info: Implemented 8 output pins
    Info: Implemented 88 logic cells
    Info: Implemented 8 RAM segments
Info: Quartus II Analysis & Synthesis was successful. 0 errors, 9 warnings
    Info: Peak virtual memory: 250 megabytes
    Info: Processing ended: Wed Apr 08 17:30:21 2020
    Info: Elapsed time: 00:00:02
    Info: Total CPU time (on all processors): 00:00:02


