Flow report for scan_led3
Tue Sep 27 13:45:39 2016
Quartus II Version 9.0 Build 184 04/29/2009 Service Pack 1 SJ Web Edition


---------------------
; Table of Contents ;
---------------------
  1. Legal Notice
  2. Flow Summary
  3. Flow Settings
  4. Flow Non-Default Global Settings
  5. Flow Elapsed Time
  6. Flow OS Summary
  7. Flow Log



----------------
; Legal Notice ;
----------------
Copyright (C) 1991-2009 Altera Corporation
Your use of Altera Corporation's design tools, logic functions 
and other software and tools, and its AMPP partner logic 
functions, and any output files from any of the foregoing 
(including device programming or simulation files), and any 
associated documentation or information are expressly subject 
to the terms and conditions of the Altera Program License 
Subscription Agreement, Altera MegaCore Function License 
Agreement, or other applicable license agreement, including, 
without limitation, that your use is for the sole purpose of 
programming logic devices manufactured by Altera and sold by 
Altera or its authorized distributors.  Please refer to the 
applicable agreement for further details.



+-----------------------------------------------------------------------------------+
; Flow Summary                                                                      ;
+------------------------------------+----------------------------------------------+
; Flow Status                        ; Successful - Tue Sep 27 13:45:39 2016        ;
; Quartus II Version                 ; 9.0 Build 184 04/29/2009 SP 1 SJ Web Edition ;
; Revision Name                      ; scan_led3                                    ;
; Top-level Entity Name              ; scan_led3                                    ;
; Family                             ; Cyclone II                                   ;
; Device                             ; EP2C5T144C8                                  ;
; Timing Models                      ; Final                                        ;
; Met timing requirements            ; Yes                                          ;
; Total logic elements               ; 20 / 4,608 ( < 1 % )                         ;
;     Total combinational functions  ; 20 / 4,608 ( < 1 % )                         ;
;     Dedicated logic registers      ; 3 / 4,608 ( < 1 % )                          ;
; Total registers                    ; 3                                            ;
; Total pins                         ; 25 / 89 ( 28 % )                             ;
; Total virtual pins                 ; 0                                            ;
; Total memory bits                  ; 0 / 119,808 ( 0 % )                          ;
; Embedded Multiplier 9-bit elements ; 0 / 26 ( 0 % )                               ;
; Total PLLs                         ; 0 / 2 ( 0 % )                                ;
+------------------------------------+----------------------------------------------+


+-----------------------------------------+
; Flow Settings                           ;
+-------------------+---------------------+
; Option            ; Setting             ;
+-------------------+---------------------+
; Start date & time ; 09/27/2016 13:45:33 ;
; Main task         ; Compilation         ;
; Revision Name     ; scan_led3           ;
+-------------------+---------------------+


+-------------------------------------------------------------------------------------------------------------------------------------------------------------------------------+
; Flow Non-Default Global Settings                                                                                                                                              ;
+------------------------------------+----------------------------------------------------------------------------+------------------------------+-------------+----------------+
; Assignment Name                    ; Value                                                                      ; Default Value                ; Entity Name ; Section Id     ;
+------------------------------------+----------------------------------------------------------------------------+------------------------------+-------------+----------------+
; COMPILER_SIGNATURE_ID              ; 229144643734802.147495513307912                                            ; --                           ; --          ; --             ;
; INCREMENTAL_COMPILATION            ; Off                                                                        ; FULL_INCREMENTAL_COMPILATION ; --          ; --             ;
; IP_TOOL_NAME                       ; FIFO                                                                       ; --                           ; --          ; --             ;
; IP_TOOL_VERSION                    ; 9.0                                                                        ; --                           ; --          ; --             ;
; MAX_CORE_JUNCTION_TEMP             ; 85                                                                         ; --                           ; --          ; --             ;
; MIN_CORE_JUNCTION_TEMP             ; 0                                                                          ; --                           ; --          ; --             ;
; MISC_FILE                          ; E:/exp/3_2/scan_led3/scan_led3.dpf                                         ; --                           ; --          ; --             ;
; MISC_FILE                          ; C:/Users/liufemg/Desktop/16年数字逻辑/工程文件/3_2/scan_led3/scan_led3.dpf ; --                           ; --          ; --             ;
; MISC_FILE                          ; my_fifo.tdf                                                                ; --                           ; --          ; --             ;
; MISC_FILE                          ; my_fifo.bsf                                                                ; --                           ; --          ; --             ;
; MISC_FILE                          ; my_fifo.inc                                                                ; --                           ; --          ; --             ;
; USE_GENERATED_PHYSICAL_CONSTRAINTS ; Off                                                                        ; --                           ; --          ; eda_blast_fpga ;
+------------------------------------+----------------------------------------------------------------------------+------------------------------+-------------+----------------+


+-----------------------------------------------------------------------------------------------------------------------------+
; Flow Elapsed Time                                                                                                           ;
+-------------------------+--------------+-------------------------+---------------------+------------------------------------+
; Module Name             ; Elapsed Time ; Average Processors Used ; Peak Virtual Memory ; Total CPU Time (on all processors) ;
+-------------------------+--------------+-------------------------+---------------------+------------------------------------+
; Analysis & Synthesis    ; 00:00:02     ; 1.0                     ; 243 MB              ; 00:00:01                           ;
; Fitter                  ; 00:00:01     ; 1.0                     ; 227 MB              ; 00:00:01                           ;
; Assembler               ; 00:00:00     ; 1.0                     ; 203 MB              ; 00:00:01                           ;
; Classic Timing Analyzer ; 00:00:00     ; 1.0                     ; 169 MB              ; 00:00:00                           ;
; Total                   ; 00:00:03     ; --                      ; --                  ; 00:00:03                           ;
+-------------------------+--------------+-------------------------+---------------------+------------------------------------+


+------------------------------------------------------------------------------------------+
; Flow OS Summary                                                                          ;
+-------------------------+------------------+---------------+------------+----------------+
; Module Name             ; Machine Hostname ; OS Name       ; OS Version ; Processor type ;
+-------------------------+------------------+---------------+------------+----------------+
; Analysis & Synthesis    ; liufemg-PC       ; Windows Vista ; 6.1        ; x86_64         ;
; Fitter                  ; liufemg-PC       ; Windows Vista ; 6.1        ; x86_64         ;
; Assembler               ; liufemg-PC       ; Windows Vista ; 6.1        ; x86_64         ;
; Classic Timing Analyzer ; liufemg-PC       ; Windows Vista ; 6.1        ; x86_64         ;
+-------------------------+------------------+---------------+------------+----------------+


------------
; Flow Log ;
------------
quartus_map --read_settings_files=on --write_settings_files=off scan_led3 -c scan_led3
quartus_fit --read_settings_files=off --write_settings_files=off scan_led3 -c scan_led3
quartus_asm --read_settings_files=off --write_settings_files=off scan_led3 -c scan_led3
quartus_tan --read_settings_files=off --write_settings_files=off scan_led3 -c scan_led3 --timing_analysis_only



